This is pdfTeX, Version 3.1415926-2.5-1.40.14 (TeX Live 2013) (format=pdflatex 2013.5.30)  22 APR 2016 00:40
entering extended mode
 restricted \write18 enabled.
 %&-line parsing enabled.
**template.tex
(./template.tex
LaTeX2e <2011/06/27>
Babel <3.9f> and hyphenation patterns for 78 languages loaded.
(/usr/local/texlive/2013/texmf-dist/tex/latex/base/article.cls
Document Class: article 2007/10/19 v1.4h Standard LaTeX document class
(/usr/local/texlive/2013/texmf-dist/tex/latex/base/size12.clo
File: size12.clo 2007/10/19 v1.4h Standard LaTeX file (size option)
)
\c@part=\count79
\c@section=\count80
\c@subsection=\count81
\c@subsubsection=\count82
\c@paragraph=\count83
\c@subparagraph=\count84
\c@figure=\count85
\c@table=\count86
\abovecaptionskip=\skip41
\belowcaptionskip=\skip42
\bibindent=\dimen102
)
(/usr/local/texlive/2013/texmf-dist/tex/latex/amsmath/amsmath.sty
Package: amsmath 2013/01/14 v2.14 AMS math features
\@mathmargin=\skip43

For additional information on amsmath, use the `?' option.
(/usr/local/texlive/2013/texmf-dist/tex/latex/amsmath/amstext.sty
Package: amstext 2000/06/29 v2.01

(/usr/local/texlive/2013/texmf-dist/tex/latex/amsmath/amsgen.sty
File: amsgen.sty 1999/11/30 v2.0
\@emptytoks=\toks14
\ex@=\dimen103
))
(/usr/local/texlive/2013/texmf-dist/tex/latex/amsmath/amsbsy.sty
Package: amsbsy 1999/11/29 v1.2d
\pmbraise@=\dimen104
)
(/usr/local/texlive/2013/texmf-dist/tex/latex/amsmath/amsopn.sty
Package: amsopn 1999/12/14 v2.01 operator names
)
\inf@bad=\count87
LaTeX Info: Redefining \frac on input line 210.
\uproot@=\count88
\leftroot@=\count89
LaTeX Info: Redefining \overline on input line 306.
\classnum@=\count90
\DOTSCASE@=\count91
LaTeX Info: Redefining \ldots on input line 378.
LaTeX Info: Redefining \dots on input line 381.
LaTeX Info: Redefining \cdots on input line 466.
\Mathstrutbox@=\box26
\strutbox@=\box27
\big@size=\dimen105
LaTeX Font Info:    Redeclaring font encoding OML on input line 566.
LaTeX Font Info:    Redeclaring font encoding OMS on input line 567.
\macc@depth=\count92
\c@MaxMatrixCols=\count93
\dotsspace@=\muskip10
\c@parentequation=\count94
\dspbrk@lvl=\count95
\tag@help=\toks15
\row@=\count96
\column@=\count97
\maxfields@=\count98
\andhelp@=\toks16
\eqnshift@=\dimen106
\alignsep@=\dimen107
\tagshift@=\dimen108
\tagwidth@=\dimen109
\totwidth@=\dimen110
\lineht@=\dimen111
\@envbody=\toks17
\multlinegap=\skip44
\multlinetaggap=\skip45
\mathdisplay@stack=\toks18
LaTeX Info: Redefining \[ on input line 2665.
LaTeX Info: Redefining \] on input line 2666.
)
(/usr/local/texlive/2013/texmf-dist/tex/latex/amsfonts/amsfonts.sty
Package: amsfonts 2013/01/14 v3.01 Basic AMSFonts support
\symAMSa=\mathgroup4
\symAMSb=\mathgroup5
LaTeX Font Info:    Overwriting math alphabet `\mathfrak' in version `bold'
(Font)                  U/euf/m/n --> U/euf/b/n on input line 106.
)
(/usr/local/texlive/2013/texmf-dist/tex/latex/preprint/fullpage.sty
Package: fullpage 1999/02/23 1.1 (PWD)
\FP@margin=\skip46
)
(./template.aux)
\openout1 = `template.aux'.

LaTeX Font Info:    Checking defaults for OML/cmm/m/it on input line 4.
LaTeX Font Info:    ... okay on input line 4.
LaTeX Font Info:    Checking defaults for T1/cmr/m/n on input line 4.
LaTeX Font Info:    ... okay on input line 4.
LaTeX Font Info:    Checking defaults for OT1/cmr/m/n on input line 4.
LaTeX Font Info:    ... okay on input line 4.
LaTeX Font Info:    Checking defaults for OMS/cmsy/m/n on input line 4.
LaTeX Font Info:    ... okay on input line 4.
LaTeX Font Info:    Checking defaults for OMX/cmex/m/n on input line 4.
LaTeX Font Info:    ... okay on input line 4.
LaTeX Font Info:    Checking defaults for U/cmr/m/n on input line 4.
LaTeX Font Info:    ... okay on input line 4.
LaTeX Font Info:    Try loading font information for U+msa on input line 19.
 (/usr/local/texlive/2013/texmf-dist/tex/latex/amsfonts/umsa.fd
File: umsa.fd 2013/01/14 v3.01 AMS symbols A
)
LaTeX Font Info:    Try loading font information for U+msb on input line 19.
 (/usr/local/texlive/2013/texmf-dist/tex/latex/amsfonts/umsb.fd
File: umsb.fd 2013/01/14 v3.01 AMS symbols B
)

LaTeX Warning: Citation `Freebase' on page 1 undefined on input line 52.


LaTeX Warning: Citation `Nickel2011' on page 1 undefined on input line 59.


LaTeX Warning: Citation `Bordes2013' on page 1 undefined on input line 59.


LaTeX Warning: Citation `Gao2015' on page 1 undefined on input line 59.


LaTeX Warning: Citation `Chang2014' on page 1 undefined on input line 59.

[1

{/usr/local/texlive/2013/texmf-var/fonts/map/pdftex/updmap/pdftex.map}]

LaTeX Warning: Citation `Carlson2010' on page 2 undefined on input line 70.


LaTeX Warning: Citation `Kernighan1970' on page 2 undefined on input line 77.


LaTeX Warning: Citation `Newman2004' on page 2 undefined on input line 82.


LaTeX Warning: Citation `Girvan2002' on page 2 undefined on input line 84.


LaTeX Warning: Citation `Holland1983' on page 2 undefined on input line 86.


LaTeX Warning: Citation `Karrer2011' on page 2 undefined on input line 87.


LaTeX Warning: Citation `Larremore2014' on page 2 undefined on input line 90.


LaTeX Warning: Citation `Bordes2013' on page 2 undefined on input line 95.


LaTeX Warning: Citation `Gao2015' on page 2 undefined on input line 97.


LaTeX Warning: Citation `Nickel2011' on page 2 undefined on input line 98.


LaTeX Warning: Citation `Chang2014' on page 2 undefined on input line 99.


LaTeX Warning: Reference `fig: 2' on page 2 undefined on input line 113.


LaTeX Warning: Reference `fig: 1' on page 2 undefined on input line 113.

[2]

LaTeX Warning: Reference `fig: 3' on page 3 undefined on input line 148.


LaTeX Warning: Reference `fig: 2' on page 3 undefined on input line 149.


LaTeX Warning: Reference `Time Analysis' on page 3 undefined on input line 166.



LaTeX Warning: Citation `Nickel2011' on page 3 undefined on input line 172.


LaTeX Warning: Citation `Chang2011' on page 3 undefined on input line 172.

[3]

LaTeX Warning: Reference `alg: alg' on page 4 undefined on input line 182.

[4] [5]

LaTeX Warning: Citation `ohai' on page 6 undefined on input line 287.


LaTeX Warning: Citation `other' on page 6 undefined on input line 287.


LaTeX Warning: Citation `Carlson2010' on page 6 undefined on input line 328.


LaTeX Warning: Citation `Jones2001' on page 6 undefined on input line 329.


LaTeX Warning: Citation `Perez2007' on page 6 undefined on input line 330.

[6]

LaTeX Warning: Reference `fig: events' on page 7 undefined on input line 346.


LaTeX Warning: Reference `tab: events' on page 7 undefined on input line 352.


LaTeX Warning: Reference `fig: total' on page 7 undefined on input line 368.


LaTeX Warning: Reference `tab: totalE' on page 7 undefined on input line 382.

[7]

LaTeX Warning: Reference `tab: totalR' on page 8 undefined on input line 393.


LaTeX Warning: Reference `fig: 3' on page 8 undefined on input line 416.

[8]

LaTeX Warning: Citation `Nickel2011' on page 9 undefined on input line 456.


LaTeX Warning: Citation `Gao2015' on page 9 undefined on input line 456.


LaTeX Warning: Citation `Chang2014' on page 9 undefined on input line 456.

[9] (./template.aux)

LaTeX Warning: There were undefined references.


LaTeX Warning: Label(s) may have changed. Rerun to get cross-references right.

 ) 
Here is how much of TeX's memory you used:
 973 strings out of 493315
 11437 string characters out of 6137904
 67781 words of memory out of 5000000
 4463 multiletter control sequences out of 15000+600000
 10150 words of font info for 38 fonts, out of 8000000 for 9000
 957 hyphenation exceptions out of 8191
 27i,5n,24p,204b,113s stack positions out of 5000i,500n,10000p,200000b,80000s
</usr/local/texlive/2013/texmf-dist/fonts/type1/public/amsfonts/cm/cmbx12.pfb
></usr/local/texlive/2013/texmf-dist/fonts/type1/public/amsfonts/cm/cmex10.pfb>
</usr/local/texlive/2013/texmf-dist/fonts/type1/public/amsfonts/cm/cmmi12.pfb><
/usr/local/texlive/2013/texmf-dist/fonts/type1/public/amsfonts/cm/cmmi6.pfb></u
sr/local/texlive/2013/texmf-dist/fonts/type1/public/amsfonts/cm/cmmi8.pfb></usr
/local/texlive/2013/texmf-dist/fonts/type1/public/amsfonts/cm/cmr12.pfb></usr/l
ocal/texlive/2013/texmf-dist/fonts/type1/public/amsfonts/cm/cmr8.pfb></usr/loca
l/texlive/2013/texmf-dist/fonts/type1/public/amsfonts/cm/cmsy10.pfb></usr/local
/texlive/2013/texmf-dist/fonts/type1/public/amsfonts/cm/cmsy8.pfb></usr/local/t
exlive/2013/texmf-dist/fonts/type1/public/amsfonts/cm/cmti12.pfb>
Output written on template.pdf (9 pages, 137225 bytes).
PDF statistics:
 74 PDF objects out of 1000 (max. 8388607)
 52 compressed objects within 1 object stream
 0 named destinations out of 1000 (max. 500000)
 1 words of extra memory for PDF output out of 10000 (max. 10000000)

